2025-01-23 09:23:00.916  INFO 2440 --- [main] com.example.board.BoardApplication       : Starting BoardApplication using Java 23.0.1 on DESKTOP-IKKVCH2 with PID 2440 (C:\Users\COM\Desktop\boardPractice\board\build\classes\java\main started by COM in C:\Users\COM\Desktop\boardPractice\board)
2025-01-23 09:23:00.920  INFO 2440 --- [main] com.example.board.BoardApplication       : The following 1 profile is active: "local"
2025-01-23 09:23:02.082  INFO 2440 --- [main] .s.d.r.c.RepositoryConfigurationDelegate : Bootstrapping Spring Data JPA repositories in DEFAULT mode.
2025-01-23 09:23:02.176  INFO 2440 --- [main] .s.d.r.c.RepositoryConfigurationDelegate : Finished Spring Data repository scanning in 77 ms. Found 2 JPA repository interfaces.
2025-01-23 09:23:03.469  INFO 2440 --- [main] o.s.b.w.embedded.tomcat.TomcatWebServer  : Tomcat initialized with port(s): 8080 (http)
2025-01-23 09:23:03.484  INFO 2440 --- [main] o.apache.catalina.core.StandardService   : Starting service [Tomcat]
2025-01-23 09:23:03.484  INFO 2440 --- [main] org.apache.catalina.core.StandardEngine  : Starting Servlet engine: [Apache Tomcat/9.0.74]
2025-01-23 09:23:03.640  INFO 2440 --- [main] o.a.c.c.C.[Tomcat].[localhost].[/]       : Initializing Spring embedded WebApplicationContext
2025-01-23 09:23:03.641  INFO 2440 --- [main] w.s.c.ServletWebServerApplicationContext : Root WebApplicationContext: initialization completed in 2610 ms
2025-01-23 09:23:03.867  INFO 2440 --- [main] o.hibernate.jpa.internal.util.LogHelper  : HHH000204: Processing PersistenceUnitInfo [name: default]
2025-01-23 09:23:03.950  INFO 2440 --- [main] org.hibernate.Version                    : HHH000412: Hibernate ORM core version 5.6.15.Final
2025-01-23 09:23:04.202  INFO 2440 --- [main] o.hibernate.annotations.common.Version   : HCANN000001: Hibernate Commons Annotations {5.1.2.Final}
2025-01-23 09:23:04.358  INFO 2440 --- [main] com.zaxxer.hikari.HikariDataSource       : HikariPool-1 - Starting...
2025-01-23 09:23:04.462  INFO 2440 --- [main] com.zaxxer.hikari.HikariDataSource       : HikariPool-1 - Start completed.
2025-01-23 09:23:04.483  INFO 2440 --- [main] org.hibernate.dialect.Dialect            : HHH000400: Using dialect: org.hibernate.dialect.MariaDBDialect
2025-01-23 09:23:05.552  INFO 2440 --- [main] o.h.e.t.j.p.i.JtaPlatformInitiator       : HHH000490: Using JtaPlatform implementation: [org.hibernate.engine.transaction.jta.platform.internal.NoJtaPlatform]
2025-01-23 09:23:05.576  INFO 2440 --- [main] j.LocalContainerEntityManagerFactoryBean : Initialized JPA EntityManagerFactory for persistence unit 'default'
2025-01-23 09:23:06.218  WARN 2440 --- [main] JpaBaseConfiguration$JpaWebConfiguration : spring.jpa.open-in-view is enabled by default. Therefore, database queries may be performed during view rendering. Explicitly configure spring.jpa.open-in-view to disable this warning
2025-01-23 09:23:06.684  INFO 2440 --- [main] o.s.b.w.embedded.tomcat.TomcatWebServer  : Tomcat started on port(s): 8080 (http) with context path ''
2025-01-23 09:23:06.699  INFO 2440 --- [main] com.example.board.BoardApplication       : Started BoardApplication in 7.061 seconds (JVM running for 7.858)
